# JRE version: OpenJDK Runtime Environment Temurin-21.0.5+11 (21.0.5+11) (build 21.0.5+11-LTS)
# Java VM: OpenJDK 64-Bit Server VM Temurin-21.0.5+11 (21.0.5+11-LTS, mixed mode, sharing, tiered, compressed oops, compressed class ptrs, parallel gc, windows-amd64)
GC Precious Log:
 CardTable entry size: 512
 CPUs: 8 total, 8 available
 Memory: 5877M
 Large Page Support: Disabled
 NUMA Support: Disabled
 Compressed Oops: Enabled (32-bit)
 Alignments: Space 512K, Generation 512K, Heap 2M
 Heap Min Capacity: 100M
 Heap Initial Capacity: 100M
 Heap Max Capacity: 1G
 Pre-touch: Disabled
 Parallel Workers: 8
Heap:
 PSYoungGen      total 4096K, used 3894K [0x00000000eab00000, 0x00000000eb000000, 0x0000000100000000)
  eden space 3072K, 100% used [0x00000000eab00000,0x00000000eae00000,0x00000000eae00000)
  from space 1024K, 80% used [0x00000000eae00000,0x00000000eaecd960,0x00000000eaf00000)
  to   space 1024K, 48% used [0x00000000eaf00000,0x00000000eaf7c068,0x00000000eb000000)
 ParOldGen       total 275456K, used 275452K [0x00000000c0000000, 0x00000000d0d00000, 0x00000000eab00000)
  object space 275456K, 99% used [0x00000000c0000000,0x00000000d0cff0d0,0x00000000d0d00000)
 Metaspace       used 66905K, committed 68288K, reserved 1114112K
  class space    used 8081K, committed 8640K, reserved 1048576K
GC Heap History (20 events):
Event: 62.701 GC heap before
{Heap before GC invocations=267 (full 3):
 PSYoungGen      total 3584K, used 3227K [0x00000000eab00000, 0x00000000eaf80000, 0x0000000100000000)
  eden space 2560K, 99% used [0x00000000eab00000,0x00000000ead7f2d8,0x00000000ead80000)
  from space 1024K, 65% used [0x00000000ead80000,0x00000000eae27950,0x00000000eae80000)
  to   space 1024K, 0% used [0x00000000eae80000,0x00000000eae80000,0x00000000eaf80000)
 ParOldGen       total 269312K, used 269242K [0x00000000c0000000, 0x00000000d0700000, 0x00000000eab00000)
  object space 269312K, 99% used [0x00000000c0000000,0x00000000d06eea38,0x00000000d0700000)
 Metaspace       used 66833K, committed 68160K, reserved 1114112K
  class space    used 8079K, committed 8640K, reserved 1048576K
}
Event: 62.703 GC heap after
{Heap after GC invocations=267 (full 3):
 PSYoungGen      total 3584K, used 749K [0x00000000eab00000, 0x00000000eaf80000, 0x0000000100000000)
  eden space 2560K, 0% used [0x00000000eab00000,0x00000000eab00000,0x00000000ead80000)
  from space 1024K, 73% used [0x00000000eae80000,0x00000000eaf3b5e0,0x00000000eaf80000)
  to   space 1024K, 0% used [0x00000000ead80000,0x00000000ead80000,0x00000000eae80000)
 ParOldGen       total 270336K, used 269868K [0x00000000c0000000, 0x00000000d0800000, 0x00000000eab00000)
  object space 270336K, 99% used [0x00000000c0000000,0x00000000d078b1e0,0x00000000d0800000)
 Metaspace       used 66833K, committed 68160K, reserved 1114112K
  class space    used 8079K, committed 8640K, reserved 1048576K
}
Event: 62.718 GC heap before
{Heap before GC invocations=268 (full 3):
 PSYoungGen      total 3584K, used 3309K [0x00000000eab00000, 0x00000000eaf80000, 0x0000000100000000)
  eden space 2560K, 100% used [0x00000000eab00000,0x00000000ead80000,0x00000000ead80000)
  from space 1024K, 73% used [0x00000000eae80000,0x00000000eaf3b5e0,0x00000000eaf80000)
  to   space 1024K, 0% used [0x00000000ead80000,0x00000000ead80000,0x00000000eae80000)
 ParOldGen       total 270336K, used 269868K [0x00000000c0000000, 0x00000000d0800000, 0x00000000eab00000)
  object space 270336K, 99% used [0x00000000c0000000,0x00000000d078b1e0,0x00000000d0800000)
 Metaspace       used 66833K, committed 68160K, reserved 1114112K
  class space    used 8079K, committed 8640K, reserved 1048576K
}
Event: 62.720 GC heap after
{Heap after GC invocations=268 (full 3):
 PSYoungGen      total 3584K, used 767K [0x00000000eab00000, 0x00000000eaf80000, 0x0000000100000000)
  eden space 2560K, 0% used [0x00000000eab00000,0x00000000eab00000,0x00000000ead80000)
  from space 1024K, 74% used [0x00000000ead80000,0x00000000eae3fd98,0x00000000eae80000)
  to   space 1024K, 0% used [0x00000000eae80000,0x00000000eae80000,0x00000000eaf80000)
 ParOldGen       total 270848K, used 270448K [0x00000000c0000000, 0x00000000d0880000, 0x00000000eab00000)
  object space 270848K, 99% used [0x00000000c0000000,0x00000000d081c028,0x00000000d0880000)
 Metaspace       used 66833K, committed 68160K, reserved 1114112K
  class space    used 8079K, committed 8640K, reserved 1048576K
}
Event: 62.733 GC heap before
{Heap before GC invocations=269 (full 3):
 PSYoungGen      total 3584K, used 3327K [0x00000000eab00000, 0x00000000eaf80000, 0x0000000100000000)
  eden space 2560K, 100% used [0x00000000eab00000,0x00000000ead80000,0x00000000ead80000)
  from space 1024K, 74% used [0x00000000ead80000,0x00000000eae3fd98,0x00000000eae80000)
  to   space 1024K, 0% used [0x00000000eae80000,0x00000000eae80000,0x00000000eaf80000)
 ParOldGen       total 270848K, used 270448K [0x00000000c0000000, 0x00000000d0880000, 0x00000000eab00000)
  object space 270848K, 99% used [0x00000000c0000000,0x00000000d081c028,0x00000000d0880000)
 Metaspace       used 66833K, committed 68160K, reserved 1114112K
  class space    used 8079K, committed 8640K, reserved 1048576K
}
Event: 62.735 GC heap after
{Heap after GC invocations=269 (full 3):
 PSYoungGen      total 3584K, used 707K [0x00000000eab00000, 0x00000000eaf80000, 0x0000000100000000)
  eden space 2560K, 0% used [0x00000000eab00000,0x00000000eab00000,0x00000000ead80000)
  from space 1024K, 69% used [0x00000000eae80000,0x00000000eaf30c60,0x00000000eaf80000)
  to   space 1024K, 0% used [0x00000000ead80000,0x00000000ead80000,0x00000000eae80000)
 ParOldGen       total 271360K, used 271047K [0x00000000c0000000, 0x00000000d0900000, 0x00000000eab00000)
  object space 271360K, 99% used [0x00000000c0000000,0x00000000d08b1eb8,0x00000000d0900000)
 Metaspace       used 66833K, committed 68160K, reserved 1114112K
  class space    used 8079K, committed 8640K, reserved 1048576K
}
Event: 62.747 GC heap before
{Heap before GC invocations=270 (full 3):
 PSYoungGen      total 3584K, used 3267K [0x00000000eab00000, 0x00000000eaf80000, 0x0000000100000000)
  eden space 2560K, 100% used [0x00000000eab00000,0x00000000ead80000,0x00000000ead80000)
  from space 1024K, 69% used [0x00000000eae80000,0x00000000eaf30c60,0x00000000eaf80000)
  to   space 1024K, 0% used [0x00000000ead80000,0x00000000ead80000,0x00000000eae80000)
 ParOldGen       total 271360K, used 271047K [0x00000000c0000000, 0x00000000d0900000, 0x00000000eab00000)
  object space 271360K, 99% used [0x00000000c0000000,0x00000000d08b1eb8,0x00000000d0900000)
 Metaspace       used 66833K, committed 68160K, reserved 1114112K
  class space    used 8079K, committed 8640K, reserved 1048576K
}
Event: 62.749 GC heap after
{Heap after GC invocations=270 (full 3):
 PSYoungGen      total 3584K, used 742K [0x00000000eab00000, 0x00000000eaf80000, 0x0000000100000000)
  eden space 2560K, 0% used [0x00000000eab00000,0x00000000eab00000,0x00000000ead80000)
  from space 1024K, 72% used [0x00000000ead80000,0x00000000eae39a20,0x00000000eae80000)
  to   space 1024K, 0% used [0x00000000eae80000,0x00000000eae80000,0x00000000eaf80000)
 ParOldGen       total 271872K, used 271658K [0x00000000c0000000, 0x00000000d0980000, 0x00000000eab00000)
  object space 271872K, 99% used [0x00000000c0000000,0x00000000d094a980,0x00000000d0980000)
 Metaspace       used 66833K, committed 68160K, reserved 1114112K
  class space    used 8079K, committed 8640K, reserved 1048576K
}
Event: 62.762 GC heap before
{Heap before GC invocations=271 (full 3):
 PSYoungGen      total 3584K, used 3302K [0x00000000eab00000, 0x00000000eaf80000, 0x0000000100000000)
  eden space 2560K, 100% used [0x00000000eab00000,0x00000000ead80000,0x00000000ead80000)
  from space 1024K, 72% used [0x00000000ead80000,0x00000000eae39a20,0x00000000eae80000)
  to   space 1024K, 0% used [0x00000000eae80000,0x00000000eae80000,0x00000000eaf80000)
 ParOldGen       total 271872K, used 271658K [0x00000000c0000000, 0x00000000d0980000, 0x00000000eab00000)
  object space 271872K, 99% used [0x00000000c0000000,0x00000000d094a980,0x00000000d0980000)
 Metaspace       used 66833K, committed 68160K, reserved 1114112K
  class space    used 8079K, committed 8640K, reserved 1048576K
}
Event: 62.764 GC heap after
{Heap after GC invocations=271 (full 3):
 PSYoungGen      total 3584K, used 736K [0x00000000eab00000, 0x00000000eaf80000, 0x0000000100000000)
  eden space 2560K, 0% used [0x00000000eab00000,0x00000000eab00000,0x00000000ead80000)
  from space 1024K, 71% used [0x00000000eae80000,0x00000000eaf38000,0x00000000eaf80000)
  to   space 1024K, 0% used [0x00000000ead80000,0x00000000ead80000,0x00000000eae80000)
 ParOldGen       total 272384K, used 272249K [0x00000000c0000000, 0x00000000d0a00000, 0x00000000eab00000)
  object space 272384K, 99% used [0x00000000c0000000,0x00000000d09de660,0x00000000d0a00000)
 Metaspace       used 66833K, committed 68160K, reserved 1114112K
  class space    used 8079K, committed 8640K, reserved 1048576K
}
Event: 62.784 GC heap before
{Heap before GC invocations=272 (full 3):
 PSYoungGen      total 3584K, used 3296K [0x00000000eab00000, 0x00000000eaf80000, 0x0000000100000000)
  eden space 2560K, 100% used [0x00000000eab00000,0x00000000ead80000,0x00000000ead80000)
  from space 1024K, 71% used [0x00000000eae80000,0x00000000eaf38000,0x00000000eaf80000)
  to   space 1024K, 0% used [0x00000000ead80000,0x00000000ead80000,0x00000000eae80000)
 ParOldGen       total 272384K, used 272249K [0x00000000c0000000, 0x00000000d0a00000, 0x00000000eab00000)
  object space 272384K, 99% used [0x00000000c0000000,0x00000000d09de660,0x00000000d0a00000)
 Metaspace       used 66833K, committed 68160K, reserved 1114112K
  class space    used 8079K, committed 8640K, reserved 1048576K
}
Event: 62.787 GC heap after
{Heap after GC invocations=272 (full 3):
 PSYoungGen      total 3584K, used 672K [0x00000000eab00000, 0x00000000eaf80000, 0x0000000100000000)
  eden space 2560K, 0% used [0x00000000eab00000,0x00000000eab00000,0x00000000ead80000)
  from space 1024K, 65% used [0x00000000ead80000,0x00000000eae28000,0x00000000eae80000)
  to   space 1024K, 0% used [0x00000000eae80000,0x00000000eae80000,0x00000000eaf80000)
 ParOldGen       total 272896K, used 272805K [0x00000000c0000000, 0x00000000d0a80000, 0x00000000eab00000)
  object space 272896K, 99% used [0x00000000c0000000,0x00000000d0a697e8,0x00000000d0a80000)
 Metaspace       used 66833K, committed 68160K, reserved 1114112K
  class space    used 8079K, committed 8640K, reserved 1048576K
}
Event: 62.809 GC heap before
{Heap before GC invocations=273 (full 3):
 PSYoungGen      total 3584K, used 3232K [0x00000000eab00000, 0x00000000eaf80000, 0x0000000100000000)
  eden space 2560K, 100% used [0x00000000eab00000,0x00000000ead80000,0x00000000ead80000)
  from space 1024K, 65% used [0x00000000ead80000,0x00000000eae28000,0x00000000eae80000)
  to   space 1024K, 0% used [0x00000000eae80000,0x00000000eae80000,0x00000000eaf80000)
 ParOldGen       total 272896K, used 272805K [0x00000000c0000000, 0x00000000d0a80000, 0x00000000eab00000)
  object space 272896K, 99% used [0x00000000c0000000,0x00000000d0a697e8,0x00000000d0a80000)
 Metaspace       used 66833K, committed 68160K, reserved 1114112K
  class space    used 8079K, committed 8640K, reserved 1048576K
}
Event: 63.811 GC heap after
{Heap after GC invocations=273 (full 3):
 PSYoungGen      total 3584K, used 736K [0x00000000eab00000, 0x00000000eb000000, 0x0000000100000000)
  eden space 2560K, 0% used [0x00000000eab00000,0x00000000eab00000,0x00000000ead80000)
  from space 1024K, 71% used [0x00000000eae80000,0x00000000eaf38000,0x00000000eaf80000)
  to   space 1024K, 0% used [0x00000000ead80000,0x00000000ead80000,0x00000000eae80000)
 ParOldGen       total 273408K, used 273376K [0x00000000c0000000, 0x00000000d0b00000, 0x00000000eab00000)
  object space 273408K, 99% used [0x00000000c0000000,0x00000000d0af8210,0x00000000d0b00000)
 Metaspace       used 66833K, committed 68160K, reserved 1114112K
  class space    used 8079K, committed 8640K, reserved 1048576K
}
Event: 63.823 GC heap before
{Heap before GC invocations=274 (full 3):
 PSYoungGen      total 3584K, used 3296K [0x00000000eab00000, 0x00000000eb000000, 0x0000000100000000)
  eden space 2560K, 100% used [0x00000000eab00000,0x00000000ead80000,0x00000000ead80000)
  from space 1024K, 71% used [0x00000000eae80000,0x00000000eaf38000,0x00000000eaf80000)
  to   space 1024K, 0% used [0x00000000ead80000,0x00000000ead80000,0x00000000eae80000)
 ParOldGen       total 273408K, used 273376K [0x00000000c0000000, 0x00000000d0b00000, 0x00000000eab00000)
  object space 273408K, 99% used [0x00000000c0000000,0x00000000d0af8210,0x00000000d0b00000)
 Metaspace       used 66838K, committed 68160K, reserved 1114112K
  class space    used 8079K, committed 8640K, reserved 1048576K
}
Event: 63.825 GC heap after
{Heap after GC invocations=274 (full 3):
 PSYoungGen      total 3584K, used 672K [0x00000000eab00000, 0x00000000eb000000, 0x0000000100000000)
  eden space 2560K, 0% used [0x00000000eab00000,0x00000000eab00000,0x00000000ead80000)
  from space 1024K, 65% used [0x00000000ead80000,0x00000000eae28000,0x00000000eae80000)
  to   space 1024K, 0% used [0x00000000eaf00000,0x00000000eaf00000,0x00000000eb000000)
 ParOldGen       total 274432K, used 273969K [0x00000000c0000000, 0x00000000d0c00000, 0x00000000eab00000)
  object space 274432K, 99% used [0x00000000c0000000,0x00000000d0b8c728,0x00000000d0c00000)
 Metaspace       used 66838K, committed 68160K, reserved 1114112K
  class space    used 8079K, committed 8640K, reserved 1048576K
}
Event: 63.835 GC heap before
{Heap before GC invocations=275 (full 3):
 PSYoungGen      total 3584K, used 3232K [0x00000000eab00000, 0x00000000eb000000, 0x0000000100000000)
  eden space 2560K, 100% used [0x00000000eab00000,0x00000000ead80000,0x00000000ead80000)
  from space 1024K, 65% used [0x00000000ead80000,0x00000000eae28000,0x00000000eae80000)
  to   space 1024K, 0% used [0x00000000eaf00000,0x00000000eaf00000,0x00000000eb000000)
 ParOldGen       total 274432K, used 273969K [0x00000000c0000000, 0x00000000d0c00000, 0x00000000eab00000)
  object space 274432K, 99% used [0x00000000c0000000,0x00000000d0b8c728,0x00000000d0c00000)
 Metaspace       used 66841K, committed 68160K, reserved 1114112K
  class space    used 8080K, committed 8640K, reserved 1048576K
}
Event: 63.838 GC heap after
{Heap after GC invocations=275 (full 3):
 PSYoungGen      total 4096K, used 640K [0x00000000eab00000, 0x00000000eb000000, 0x0000000100000000)
  eden space 3072K, 0% used [0x00000000eab00000,0x00000000eab00000,0x00000000eae00000)
  from space 1024K, 62% used [0x00000000eaf00000,0x00000000eafa0000,0x00000000eb000000)
  to   space 1024K, 0% used [0x00000000eae00000,0x00000000eae00000,0x00000000eaf00000)
 ParOldGen       total 274944K, used 274529K [0x00000000c0000000, 0x00000000d0c80000, 0x00000000eab00000)
  object space 274944K, 99% used [0x00000000c0000000,0x00000000d0c185d8,0x00000000d0c80000)
 Metaspace       used 66841K, committed 68160K, reserved 1114112K
  class space    used 8080K, committed 8640K, reserved 1048576K
}
Event: 63.857 GC heap before
{Heap before GC invocations=276 (full 3):
 PSYoungGen      total 4096K, used 3712K [0x00000000eab00000, 0x00000000eb000000, 0x0000000100000000)
  eden space 3072K, 100% used [0x00000000eab00000,0x00000000eae00000,0x00000000eae00000)
  from space 1024K, 62% used [0x00000000eaf00000,0x00000000eafa0000,0x00000000eb000000)
  to   space 1024K, 0% used [0x00000000eae00000,0x00000000eae00000,0x00000000eaf00000)
 ParOldGen       total 274944K, used 274529K [0x00000000c0000000, 0x00000000d0c80000, 0x00000000eab00000)
  object space 274944K, 99% used [0x00000000c0000000,0x00000000d0c185d8,0x00000000d0c80000)
 Metaspace       used 66872K, committed 68288K, reserved 1114112K
  class space    used 8081K, committed 8640K, reserved 1048576K
}
Event: 65.864 GC heap after
{Heap after GC invocations=276 (full 3):
 PSYoungGen      total 4096K, used 822K [0x00000000eab00000, 0x00000000eb000000, 0x0000000100000000)
  eden space 3072K, 0% used [0x00000000eab00000,0x00000000eab00000,0x00000000eae00000)
  from space 1024K, 80% used [0x00000000eae00000,0x00000000eaecd960,0x00000000eaf00000)
  to   space 1024K, 0% used [0x00000000eaf00000,0x00000000eaf00000,0x00000000eb000000)
 ParOldGen       total 275456K, used 275092K [0x00000000c0000000, 0x00000000d0d00000, 0x00000000eab00000)
  object space 275456K, 99% used [0x00000000c0000000,0x00000000d0ca5220,0x00000000d0d00000)
 Metaspace       used 66872K, committed 68288K, reserved 1114112K
  class space    used 8081K, committed 8640K, reserved 1048576K
}

