# JRE version: OpenJDK Runtime Environment Zulu23.30+13-CA (23.0.1+11) (build 23.0.1+11)
# Java VM: OpenJDK 64-Bit Server VM Zulu23.30+13-CA (23.0.1+11, mixed mode, sharing, tiered, compressed oops, compressed class ptrs, g1 gc, windows-amd64)
GC Precious Log:
 CardTable entry size: 512
 Card Set container configuration: InlinePtr #cards 5 size 8 Array Of Cards #cards 10 size 36 Howl #buckets 4 coarsen threshold 1843 Howl Bitmap #cards 512 size 80 coarsen threshold 460 Card regions per heap region 1 cards per card region 2048
 CPUs: 8 total, 8 available
 Memory: 5877M
 Large Page Support: Disabled
 NUMA Support: Disabled
 Compressed Oops: Enabled (32-bit)
 Heap Region Size: 1M
 Heap Min Capacity: 8M
 Heap Initial Capacity: 92M
 Heap Max Capacity: 1470M
 Pre-touch: Disabled
 Parallel Workers: 8
 Concurrent Workers: 2
 Concurrent Refinement Workers: 8
 Periodic GC: Disabled
Heap:
 garbage-first heap   total reserved 1505280K, committed 75776K, used 52136K [0x00000000a4200000, 0x0000000100000000)
  region size 1024K, 9 young (9216K), 2 survivors (2048K)
 Metaspace       used 65506K, committed 66496K, reserved 1114112K
  class space    used 8053K, committed 8512K, reserved 1048576K
GC Heap History (20 events):
Event: 53.208 GC heap before
{Heap before GC invocations=14 (full 0):
 garbage-first heap   total reserved 1505280K, committed 48128K, used 40805K [0x00000000a4200000, 0x0000000100000000)
  region size 1024K, 17 young (17408K), 3 survivors (3072K)
 Metaspace       used 54132K, committed 55104K, reserved 1114112K
  class space    used 6779K, committed 7232K, reserved 1048576K
}
Event: 53.212 GC heap after
{Heap after GC invocations=15 (full 0):
 garbage-first heap   total reserved 1505280K, committed 48128K, used 28113K [0x00000000a4200000, 0x0000000100000000)
  region size 1024K, 3 young (3072K), 3 survivors (3072K)
 Metaspace       used 54132K, committed 55104K, reserved 1114112K
  class space    used 6779K, committed 7232K, reserved 1048576K
}
Event: 53.579 GC heap before
{Heap before GC invocations=15 (full 0):
 garbage-first heap   total reserved 1505280K, committed 48128K, used 42449K [0x00000000a4200000, 0x0000000100000000)
  region size 1024K, 16 young (16384K), 3 survivors (3072K)
 Metaspace       used 55784K, committed 56768K, reserved 1114112K
  class space    used 6971K, committed 7424K, reserved 1048576K
}
Event: 53.587 GC heap after
{Heap after GC invocations=16 (full 0):
 garbage-first heap   total reserved 1505280K, committed 59392K, used 30328K [0x00000000a4200000, 0x0000000100000000)
  region size 1024K, 2 young (2048K), 2 survivors (2048K)
 Metaspace       used 55784K, committed 56768K, reserved 1114112K
  class space    used 6971K, committed 7424K, reserved 1048576K
}
Event: 53.884 GC heap before
{Heap before GC invocations=16 (full 0):
 garbage-first heap   total reserved 1505280K, committed 59392K, used 50808K [0x00000000a4200000, 0x0000000100000000)
  region size 1024K, 22 young (22528K), 2 survivors (2048K)
 Metaspace       used 55873K, committed 56832K, reserved 1114112K
  class space    used 6971K, committed 7424K, reserved 1048576K
}
Event: 53.889 GC heap after
{Heap after GC invocations=17 (full 0):
 garbage-first heap   total reserved 1505280K, committed 59392K, used 30375K [0x00000000a4200000, 0x0000000100000000)
  region size 1024K, 1 young (1024K), 1 survivors (1024K)
 Metaspace       used 55873K, committed 56832K, reserved 1114112K
  class space    used 6971K, committed 7424K, reserved 1048576K
}
Event: 56.080 GC heap before
{Heap before GC invocations=18 (full 0):
 garbage-first heap   total reserved 1505280K, committed 59392K, used 50855K [0x00000000a4200000, 0x0000000100000000)
  region size 1024K, 22 young (22528K), 1 survivors (1024K)
 Metaspace       used 59326K, committed 60288K, reserved 1114112K
  class space    used 7293K, committed 7744K, reserved 1048576K
}
Event: 56.083 GC heap after
{Heap after GC invocations=19 (full 0):
 garbage-first heap   total reserved 1505280K, committed 59392K, used 31505K [0x00000000a4200000, 0x0000000100000000)
  region size 1024K, 3 young (3072K), 3 survivors (3072K)
 Metaspace       used 59326K, committed 60288K, reserved 1114112K
  class space    used 7293K, committed 7744K, reserved 1048576K
}
Event: 56.363 GC heap before
{Heap before GC invocations=19 (full 0):
 garbage-first heap   total reserved 1505280K, committed 59392K, used 50961K [0x00000000a4200000, 0x0000000100000000)
  region size 1024K, 22 young (22528K), 3 survivors (3072K)
 Metaspace       used 59795K, committed 60800K, reserved 1114112K
  class space    used 7345K, committed 7808K, reserved 1048576K
}
Event: 56.370 GC heap after
{Heap after GC invocations=20 (full 0):
 garbage-first heap   total reserved 1505280K, committed 61440K, used 36414K [0x00000000a4200000, 0x0000000100000000)
  region size 1024K, 3 young (3072K), 3 survivors (3072K)
 Metaspace       used 59795K, committed 60800K, reserved 1114112K
  class space    used 7345K, committed 7808K, reserved 1048576K
}
Event: 56.533 GC heap before
{Heap before GC invocations=20 (full 0):
 garbage-first heap   total reserved 1505280K, committed 61440K, used 52798K [0x00000000a4200000, 0x0000000100000000)
  region size 1024K, 19 young (19456K), 3 survivors (3072K)
 Metaspace       used 59828K, committed 60800K, reserved 1114112K
  class space    used 7345K, committed 7808K, reserved 1048576K
}
Event: 56.539 GC heap after
{Heap after GC invocations=21 (full 0):
 garbage-first heap   total reserved 1505280K, committed 61440K, used 37456K [0x00000000a4200000, 0x0000000100000000)
  region size 1024K, 2 young (2048K), 2 survivors (2048K)
 Metaspace       used 59828K, committed 60800K, reserved 1114112K
  class space    used 7345K, committed 7808K, reserved 1048576K
}
Event: 57.087 GC heap before
{Heap before GC invocations=22 (full 0):
 garbage-first heap   total reserved 1505280K, committed 65536K, used 53840K [0x00000000a4200000, 0x0000000100000000)
  region size 1024K, 18 young (18432K), 2 survivors (2048K)
 Metaspace       used 61009K, committed 61952K, reserved 1114112K
  class space    used 7503K, committed 7936K, reserved 1048576K
}
Event: 57.091 GC heap after
{Heap after GC invocations=23 (full 0):
 garbage-first heap   total reserved 1505280K, committed 65536K, used 40615K [0x00000000a4200000, 0x0000000100000000)
  region size 1024K, 3 young (3072K), 3 survivors (3072K)
 Metaspace       used 61009K, committed 61952K, reserved 1114112K
  class space    used 7503K, committed 7936K, reserved 1048576K
}
Event: 57.220 GC heap before
{Heap before GC invocations=23 (full 0):
 garbage-first heap   total reserved 1505280K, committed 65536K, used 58023K [0x00000000a4200000, 0x0000000100000000)
  region size 1024K, 19 young (19456K), 3 survivors (3072K)
 Metaspace       used 61151K, committed 62080K, reserved 1114112K
  class space    used 7514K, committed 7936K, reserved 1048576K
}
Event: 57.225 GC heap after
{Heap after GC invocations=24 (full 0):
 garbage-first heap   total reserved 1505280K, committed 66560K, used 43615K [0x00000000a4200000, 0x0000000100000000)
  region size 1024K, 3 young (3072K), 3 survivors (3072K)
 Metaspace       used 61151K, committed 62080K, reserved 1114112K
  class space    used 7514K, committed 7936K, reserved 1048576K
}
Event: 57.342 GC heap before
{Heap before GC invocations=24 (full 0):
 garbage-first heap   total reserved 1505280K, committed 66560K, used 57951K [0x00000000a4200000, 0x0000000100000000)
  region size 1024K, 17 young (17408K), 3 survivors (3072K)
 Metaspace       used 61155K, committed 62080K, reserved 1114112K
  class space    used 7514K, committed 7936K, reserved 1048576K
}
Event: 57.345 GC heap after
{Heap after GC invocations=25 (full 0):
 garbage-first heap   total reserved 1505280K, committed 66560K, used 44675K [0x00000000a4200000, 0x0000000100000000)
  region size 1024K, 1 young (1024K), 1 survivors (1024K)
 Metaspace       used 61155K, committed 62080K, reserved 1114112K
  class space    used 7514K, committed 7936K, reserved 1048576K
}
Event: 58.504 GC heap before
{Heap before GC invocations=26 (full 0):
 garbage-first heap   total reserved 1505280K, committed 75776K, used 59011K [0x00000000a4200000, 0x0000000100000000)
  region size 1024K, 15 young (15360K), 1 survivors (1024K)
 Metaspace       used 63327K, committed 64320K, reserved 1114112K
  class space    used 7728K, committed 8192K, reserved 1048576K
}
Event: 58.509 GC heap after
{Heap after GC invocations=27 (full 0):
 garbage-first heap   total reserved 1505280K, committed 75776K, used 45992K [0x00000000a4200000, 0x0000000100000000)
  region size 1024K, 2 young (2048K), 2 survivors (2048K)
 Metaspace       used 63327K, committed 64320K, reserved 1114112K
  class space    used 7728K, committed 8192K, reserved 1048576K
}

